<?xml version="1.0" encoding="UTF-8"?>
<testsuite xmlns:xsi="http://www.w3.org/2001/XMLSchema-instance" xsi:noNamespaceSchemaLocation="https://maven.apache.org/surefire/maven-surefire-plugin/xsd/surefire-test-report.xsd" name="com.hardis.reference.metier.TransformeReferenceTest" time="1.509" tests="13" errors="0" skipped="0" failures="0">
  <properties>
[...]
</properties>
  <testcase name="transformeReference_return_throws_exception_createJsonOrXlm" classname="com.hardis.reference.metier.TransformeReferenceTest" time="0.061"/>
  <testcase name="transformeReference_return_throws_exception_on_color" classname="com.hardis.reference.metier.TransformeReferenceTest" time="0.003"/>
  <testcase name="transformeReference_return_throws_exception_on_price" classname="com.hardis.reference.metier.TransformeReferenceTest" time="0.002"/>
  <testcase name="transformeReference_return_file_name" classname="com.hardis.reference.metier.TransformeReferenceTest" time="0.01"/>
  <testcase name="transformeReference_return_throws_exception_on_arguments" classname="com.hardis.reference.metier.TransformeReferenceTest" time="0"/>
  <testcase name="transformeReference_return_throws_exception_on_type" classname="com.hardis.reference.metier.TransformeReferenceTest" time="0.004"/>
  <testcase name="transformeReference_return_nombre_references_valide" classname="com.hardis.reference.metier.TransformeReferenceTest" time="0.005"/>
  <testcase name="transformeReference_return_nombre_reference_erroner" classname="com.hardis.reference.metier.TransformeReferenceTest" time="0.003"/>
  <testcase name="transformeReference_return_throws_exception_on_taille" classname="com.hardis.reference.metier.TransformeReferenceTest" time="0.001"/>
  <testcase name="transformeReference_return_true_txt_transforme_json" classname="com.hardis.reference.metier.TransformeReferenceTest" time="0.889"/>
  <testcase name="transformeReference_return_true_txt_transforme_xml" classname="com.hardis.reference.metier.TransformeReferenceTest" time="0.493"/>
  <testcase name="transformeReference_test_verifpath" classname="com.hardis.reference.metier.TransformeReferenceTest" time="0.001"/>
  <testcase name="transformeReference_return_throws_exception_on_numReference" classname="com.hardis.reference.metier.TransformeReferenceTest" time="0.002"/>
</testsuite>